Aleutians East
Anchorage
Bristol Bay
City & Borough of Juneau
City & Borough of Sitka
City & Borough of Yakutat
Denali
Fairbanks North Star
Haines
Kenai Peninsula
Ketchikan Gateway
Kodiak Island
Lake And Peninsula
Matanuska-Susitna
North Slope
Northwest Arctic
Aleutians West Census Area
Bethel Census Area
Dillingham Census Area
Nome Census Area
Prince of Wales-Outer Ketchikan Census Area
Skagway-Hoonah-Angoon Census Area
Southeast Fairbanks Census Area
Valdez-Cordova Census Area
Wade Hampton Census Area
Wrangell-Petersburg Census Area
Yukon-Koyukuk Census Area
